{"level":"info","ts":"2024-07-04T22:53:26+08:00","msg":"用户查询函数","uuid":"2613d4a4-719e-488e-80c5-a18076ed041f","request_data":"map[]"}
{"level":"info","ts":"2024-07-04T22:53:26+08:00","msg":"用户查询成功","uuid":"2613d4a4-719e-488e-80c5-a18076ed041f"}
{"level":"info","ts":"2024-07-04T22:57:28+08:00","msg":"用户查询函数","uuid":"7887f8bf-8c29-407c-8534-d16ac9e779de","request_data":"map[page:1 pageSize:10]"}
{"level":"error","ts":"2024-07-04T22:57:28+08:00","msg":"用户查询失败","uuid":"7887f8bf-8c29-407c-8534-d16ac9e779de"}
{"level":"info","ts":"2024-07-04T22:57:31+08:00","msg":"用户查询函数","uuid":"d2734fb9-26e5-4828-99b8-1eb68cfb05c4","request_data":"map[page:1 pageSize:1]"}
{"level":"info","ts":"2024-07-04T22:57:31+08:00","msg":"用户查询成功","uuid":"d2734fb9-26e5-4828-99b8-1eb68cfb05c4"}
{"level":"info","ts":"2024-07-08T22:19:18+08:00","msg":"用户查询函数","uuid":"1fdd07ec-c99f-4d82-beb2-f4cb53a82078","request_data":"map[password:1 username:1]"}
{"level":"info","ts":"2024-07-08T22:19:18+08:00","msg":"用户查询成功","uuid":"1fdd07ec-c99f-4d82-beb2-f4cb53a82078"}
{"level":"info","ts":"2024-07-08T22:19:55+08:00","msg":"用户查询函数","uuid":"f8df9c06-f2fc-443c-bbff-52686a349214","request_data":"map[password:1 username:1]"}
{"level":"info","ts":"2024-07-08T22:19:56+08:00","msg":"用户查询成功","uuid":"f8df9c06-f2fc-443c-bbff-52686a349214"}
{"level":"info","ts":"2024-07-08T22:20:31+08:00","msg":"用户查询函数","uuid":"0e946a69-f67a-440a-99de-7da1ebf29d94","request_data":"map[password:1 username:1]"}
{"level":"info","ts":"2024-07-08T22:21:59+08:00","msg":"用户查询函数","uuid":"e1ea73aa-6dcd-4ad1-a484-42a104abf943","request_data":"map[password:123 username:123]"}
{"level":"info","ts":"2024-07-08T22:23:58+08:00","msg":"用户查询函数","uuid":"a81ec653-f400-4ad8-a2fc-ed67132f1709","request_data":"map[password:11 username:111]"}
{"level":"info","ts":"2024-07-08T22:25:16+08:00","msg":"用户查询函数","uuid":"f4c015d2-c56b-4c80-9fef-142ca03c788e","request_data":"map[password:11 username:11]"}
{"level":"error","ts":"2024-07-08T22:25:16+08:00","msg":"用户登录失败","uuid":"f4c015d2-c56b-4c80-9fef-142ca03c788e"}
{"level":"info","ts":"2024-07-08T22:28:59+08:00","msg":"用户查询函数","uuid":"191f492b-6fdd-4fa1-8ac8-749974cfd294","request_data":"map[password:1 username:1]"}
{"level":"error","ts":"2024-07-08T22:28:59+08:00","msg":"用户登录失败","uuid":"191f492b-6fdd-4fa1-8ac8-749974cfd294"}
{"level":"info","ts":"2024-07-08T22:29:21+08:00","msg":"用户查询函数","uuid":"725b2c45-5a9b-468a-8480-7919131f2e26","request_data":"map[password:123 username:123]"}
{"level":"error","ts":"2024-07-08T22:29:21+08:00","msg":"用户登录失败","uuid":"725b2c45-5a9b-468a-8480-7919131f2e26"}
{"level":"info","ts":"2024-07-08T22:29:46+08:00","msg":"用户查询函数","uuid":"4b0983eb-1878-4ef1-a015-7e348fe3ffde","request_data":"map[password:test username:test]"}
{"level":"error","ts":"2024-07-08T22:29:46+08:00","msg":"用户登录失败","uuid":"4b0983eb-1878-4ef1-a015-7e348fe3ffde"}
{"level":"info","ts":"2024-07-08T22:30:27+08:00","msg":"用户查询函数","uuid":"da2c1125-cfa1-4401-88c7-2775c8540c8b","request_data":"map[passwd:111 username:test]"}
{"level":"error","ts":"2024-07-08T22:30:27+08:00","msg":"用户登录失败","uuid":"da2c1125-cfa1-4401-88c7-2775c8540c8b"}
{"level":"info","ts":"2024-07-08T22:30:31+08:00","msg":"用户查询函数","uuid":"1ba7a4f5-01ca-47b4-aa74-b2b6c6199368","request_data":"map[passwd:test username:test]"}
{"level":"info","ts":"2024-07-08T22:30:31+08:00","msg":"用户查询成功","uuid":"1ba7a4f5-01ca-47b4-aa74-b2b6c6199368"}
{"level":"info","ts":"2024-07-08T22:31:30+08:00","msg":"用户查询函数","uuid":"62ed91f1-6f07-43c9-84b4-f24bb2e2b11a","request_data":"map[passwd:11 username:11]"}
{"level":"error","ts":"2024-07-08T22:31:30+08:00","msg":"用户登录失败","uuid":"62ed91f1-6f07-43c9-84b4-f24bb2e2b11a"}
{"level":"info","ts":"2024-07-08T22:31:34+08:00","msg":"用户查询函数","uuid":"9255c59b-d6ad-4d8e-98fb-28f0e5866b8a","request_data":"map[passwd:test username:test]"}
{"level":"info","ts":"2024-07-08T22:31:34+08:00","msg":"用户查询成功","uuid":"9255c59b-d6ad-4d8e-98fb-28f0e5866b8a"}
{"level":"info","ts":"2024-07-08T22:31:42+08:00","msg":"用户查询函数","uuid":"921f8d22-ff5a-48c0-9030-140331e5eacc","request_data":"map[passwd:test username:test]"}
{"level":"info","ts":"2024-07-08T22:31:42+08:00","msg":"用户查询成功","uuid":"921f8d22-ff5a-48c0-9030-140331e5eacc"}
{"level":"info","ts":"2024-07-08T22:32:18+08:00","msg":"用户查询函数","uuid":"a465c3b5-7fa6-4b64-8b85-93242a1c1636","request_data":"map[passwd:test username:test]"}
{"level":"info","ts":"2024-07-08T22:32:18+08:00","msg":"用户查询成功","uuid":"a465c3b5-7fa6-4b64-8b85-93242a1c1636"}
{"level":"info","ts":"2024-07-08T22:32:28+08:00","msg":"用户查询函数","uuid":"ab2f06b7-a299-4d2e-b093-f4d04e72f10f","request_data":"map[passwd:test username:test]"}
{"level":"info","ts":"2024-07-08T22:32:28+08:00","msg":"用户查询成功","uuid":"ab2f06b7-a299-4d2e-b093-f4d04e72f10f"}
{"level":"info","ts":"2024-07-08T22:33:00+08:00","msg":"用户查询函数","uuid":"ed28187d-33fa-40ae-a31c-c6ac156fdc5f","request_data":"map[passwd:1 username:1]"}
{"level":"error","ts":"2024-07-08T22:33:00+08:00","msg":"用户登录失败","uuid":"ed28187d-33fa-40ae-a31c-c6ac156fdc5f"}
{"level":"info","ts":"2024-07-08T22:33:36+08:00","msg":"用户查询函数","uuid":"4bf7ef90-6b2c-4417-beaf-8e6ab7fb9eea","request_data":"map[passwd:1 username:1]"}
{"level":"error","ts":"2024-07-08T22:33:36+08:00","msg":"用户登录失败","uuid":"4bf7ef90-6b2c-4417-beaf-8e6ab7fb9eea"}
{"level":"info","ts":"2024-07-08T22:35:01+08:00","msg":"用户查询函数","uuid":"83e49c18-9ac1-4d83-a603-8a3bac7308d6","request_data":"map[passwd:1 username:1]"}
{"level":"error","ts":"2024-07-08T22:35:01+08:00","msg":"用户登录失败","uuid":"83e49c18-9ac1-4d83-a603-8a3bac7308d6"}
{"level":"info","ts":"2024-07-08T22:35:32+08:00","msg":"用户查询函数","uuid":"c7ae9876-9b5a-42ab-b17a-553fc4bee24b","request_data":"map[passwd:1 username:1]"}
{"level":"error","ts":"2024-07-08T22:35:32+08:00","msg":"用户登录失败","uuid":"c7ae9876-9b5a-42ab-b17a-553fc4bee24b"}
{"level":"info","ts":"2024-07-08T22:35:40+08:00","msg":"用户查询函数","uuid":"e005a43a-d9cc-4f89-814b-579f4d863abb","request_data":"map[passwd:test username:test]"}
{"level":"info","ts":"2024-07-08T22:35:40+08:00","msg":"用户查询成功","uuid":"e005a43a-d9cc-4f89-814b-579f4d863abb"}
